2026-05-06T17:39:08.811-0500 notice   [Polyrecorder] Polyrecorder started. appStart=98323.52541404167 modelIdentifier=Mac17,2 operatingSystem=Version 26.4.1 (Build 25E253) systemLaunch=2026-05-05 19:20:25 +0000 version=2.5.0
2026-05-06T17:39:08.811-0500 notice   [polyrecorder] Connect RecordKit logger to Polyrecorder logger rkLogLevel=debug
2026-05-06T17:39:08.811-0500 debug    [Polyrecorder] Accessing active displays
2026-05-06T17:39:08.846-0500 notice   [Polyrecorder] Active displays: [polyrecorder.DisplayDiscovery.Display(displayID: 1, bounds: polyrecorder.Bounds(x: 0.0, y: 0.0, width: 1512.0, height: 982.0), refreshRate: 120.0, isMain: true, isBuiltin: true)]
2026-05-06T17:39:08.846-0500 debug    [Polyrecorder] Validating configuration.
2026-05-06T17:39:08.846-0500 notice   [Polyrecorder] Configuration validated: {
  "logLevel" : "debug",
  "channels" : [
    {
      "type" : "input",
      "captureKeyStrokes" : true
    },
    {
      "excludedWindowIds" : [
        10143,
        10145,
        10161,
        10162
      ],
      "type" : "display",
      "displayId" : 1,
      "excludeFinderDesktopIcons" : true
    }
  ],
  "outputDirectory" : "\/Users\/brian\/Library\/Application Support\/Screen Studio\/Screen Studio Recordings\/Built-in Retina Display 2026-05-06 17:39:08"
}
2026-05-06T17:39:08.846-0500 debug    [Polyrecorder] Creating output directory. url=file:///Users/brian/Library/Application%20Support/Screen%20Studio/Screen%20Studio%20Recordings/Built-in%20Retina%20Display%202026-05-06%2017:39:08
2026-05-06T17:39:08.846-0500 notice   [Polyrecorder] Created output directory. url=file:///Users/brian/Library/Application%20Support/Screen%20Studio/Screen%20Studio%20Recordings/Built-in%20Retina%20Display%202026-05-06%2017:39:08
2026-05-06T17:39:08.846-0500 debug    [Polyrecorder] Redirecting logs to file. url=file:///Users/brian/Library/Application%20Support/Screen%20Studio/Screen%20Studio%20Recordings/Built-in%20Retina%20Display%202026-05-06%2017:39:08/polyrecorder.log
2026-05-06T17:39:08.847-0500 notice   [Polyrecorder] Redirected logs to file. url=file:///Users/brian/Library/Application%20Support/Screen%20Studio/Screen%20Studio%20Recordings/Built-in%20Retina%20Display%202026-05-06%2017:39:08/polyrecorder.log
2026-05-06T17:39:08.847-0500 debug    [Polyrecorder] Attaching uncaught exception handler.
2026-05-06T17:39:08.847-0500 notice   [Polyrecorder] Attached uncaught exception handler.
2026-05-06T17:39:08.847-0500 debug    [Polyrecorder] Enabling DAL devices...
2026-05-06T17:39:08.860-0500 notice   [Polyrecorder] Enabled DAL devices.
2026-05-06T17:39:08.860-0500 debug    [Polyrecorder] Creating conductor with recorders. channels=2
2026-05-06T17:39:08.861-0500 debug    [CursorRecorder] Checking if cursor folder/files don't exist yet.
2026-05-06T17:39:08.861-0500 notice   [CursorRecorder] Checked cursor folder/files don't exist yet.
2026-05-06T17:39:08.861-0500 debug    [CursorRecorder] Creating display link. displayId=1
2026-05-06T17:39:08.863-0500 notice   [CursorRecorder] Created display link. displayId=1
2026-05-06T17:39:08.863-0500 debug    [InputRecorder] Checking input monitoring authorization status. id=channel-0-input
2026-05-06T17:39:08.872-0500 notice   [InputRecorder] Input monitoring is authorized. id=channel-0-input
2026-05-06T17:39:08.883-0500 debug    [DisplayRecorder: channel-1-display] Checking if displayID 1 is in Active Displays list id=channel-1-display
2026-05-06T17:39:08.888-0500 debug    [DisplayRecorder: channel-1-display] Creating DisplayRecorderOutput id=channel-1-display
2026-05-06T17:39:08.890-0500 notice   [DisplayRecorder: channel-1-display] Created DisplayRecorderOutput id=channel-1-display output=DisplayRecorderOutput(cropRect: nil, recordBounds: (0.0, 0.0, 1512.0, 982.0), displayScaleFactor: 2, displayRefreshRate: 120.0, minFrameDuration: CMTime(seconds:0.008333333333333333 timescale:120 value:1 flags:valid), recordingScale: 0.5, assetWriterSettings: polyrecorder.AssetWriterSettings(mediaType: __C.AVMediaType(_rawValue: vide), outputSettings: ["AVVideoEncoderSpecificationKey": {
    EnableHardwareAcceleratedVideoEncoder = 1;
}, "AVVideoCodecKey": avc1, "AVVideoHeightKey": 1964, "AVVideoScalingModeKey": AVVideoScalingModeResizeAspect, "AVVideoWidthKey": 3024, "AVVideoCompressionPropertiesKey": {
    AllowFrameReordering = 1;
    AverageBitRate = 20227026;
    AverageNonDroppableFrameRate = 30;
    ExpectedFrameRate = 120;
    H264EntropyMode = CABAC;
    MaxKeyFrameInterval = 30;
    ProfileLevel = "H264_High_AutoLevel";
}]))
2026-05-06T17:39:08.890-0500 debug    [polyrecorder] Set handler for frameRepeater id=channel-1-display
2026-05-06T17:39:08.890-0500 info     [Polyrecorder] Created conductor with recorders. channels=2 recorders=3
2026-05-06T17:39:08.890-0500 debug    [Polyrecorder] Attaching recorder abortion handler.
2026-05-06T17:39:08.890-0500 notice   [Polyrecorder] Attached recorder abortion handler.
2026-05-06T17:39:08.890-0500 debug    [Polyrecorder] Installing signal handlers on process 16773.
2026-05-06T17:39:08.891-0500 notice   [Polyrecorder] Installed signal handlers on process 16773.
2026-05-06T17:39:08.891-0500 notice   [Polyrecorder] Setup finished.
2026-05-06T17:39:08.891-0500 debug    [Conductor] Starting recording.
2026-05-06T17:39:08.891-0500 debug    [Conductor] Starting latency critical activity.
2026-05-06T17:39:08.891-0500 notice   [Conductor] Started latency critical activity.
2026-05-06T17:39:08.891-0500 debug    [Conductor] Setting up all recorders. recorders=3
2026-05-06T17:39:08.892-0500 debug    [CursorRecorder] Creating cursor image directory. id=channel-0-cursor url=file:///Users/brian/Library/Application%20Support/Screen%20Studio/Screen%20Studio%20Recordings/Built-in%20Retina%20Display%202026-05-06%2017:39:08/cursors/
2026-05-06T17:39:08.892-0500 debug    [InputRecorder] Starting event monitor. id=channel-0-input
2026-05-06T17:39:08.892-0500 debug    [DisplayRecorder: channel-1-display] Accessing ShareableContent id=channel-1-display
2026-05-06T17:39:08.892-0500 info     [InputRecorder] Event monitor started. id=channel-0-input
2026-05-06T17:39:08.892-0500 notice   [InputRecorder] Setup complete id=channel-0-input
2026-05-06T17:39:08.892-0500 notice   [CursorRecorder] Created cursor image directory. id=channel-0-cursor url=file:///Users/brian/Library/Application%20Support/Screen%20Studio/Screen%20Studio%20Recordings/Built-in%20Retina%20Display%202026-05-06%2017:39:08/cursors/
2026-05-06T17:39:08.928-0500 notice   [DisplayRecorder: channel-1-display] Received ShareableContent attempt=1 id=channel-1-display restarted=false
2026-05-06T17:39:08.928-0500 debug    [DisplayRecorder: channel-1-display] Creating SCContentFilter from configuration id=channel-1-display
2026-05-06T17:39:08.928-0500 debug    [DisplayRecorder: channel-1-display] Creating SCStream id=channel-1-display streamConfig=SCStreamConfiguration sourceRect:(0.0, 0.0, 0.0, 0.0) width:3024 height:1964 queueDepth:8
2026-05-06T17:39:08.936-0500 debug    [CursorRecorder] Preloading system cursors. cursors=49 id=channel-0-cursor
2026-05-06T17:39:08.936-0500 notice   [CursorRecorder] Preloaded system cursors. dropped=dropped: (public)columnResize > existing: (public)resizeLeftRight, dropped: (public)rowResize > existing: (public)resizeUpDown, dropped: (private)closedHand > existing: (public)closedHand, dropped: (private)crosshair > existing: (public)crosshair, dropped: (private)genericDrag > existing: (public)arrow, dropped: (private)hand > existing: (public)openHand, dropped: (private)horizontalResize > existing: (public)resizeLeftRight, dropped: (private)overrideHelp > existing: (private)help, dropped: (private)verticalResize > existing: (public)resizeUpDown, dropped: (private)zoomIn > existing: (public)zoomIn, dropped: (private)zoomOut > existing: (public)zoomOut id=channel-0-cursor
2026-05-06T17:39:08.936-0500 debug    [CursorRecorder] Writing preloaded cursors information to disk. count=38 id=channel-0-cursor
2026-05-06T17:39:08.949-0500 notice   [CursorRecorder] Cursor information written to disk. count=38 id=channel-0-cursor
2026-05-06T17:39:08.949-0500 debug    [CursorRecorder] Configuring display link output handler. errorRateLimit=10.0 id=channel-0-cursor
2026-05-06T17:39:08.949-0500 info     [CursorRecorder] Display link output handler configured. errorRateLimit=10.0 id=channel-0-cursor
2026-05-06T17:39:08.949-0500 debug    [CursorRecorder] Setting current display on display link. displayId=1 id=channel-0-cursor
2026-05-06T17:39:08.949-0500 info     [CursorRecorder] Current display on display link set. displayId=1 id=channel-0-cursor
2026-05-06T17:39:08.949-0500 debug    [CursorRecorder] Starting display link. displayId=1 id=channel-0-cursor
2026-05-06T17:39:08.949-0500 notice   [CursorRecorder] Started display link. displayId=1 id=channel-0-cursor
2026-05-06T17:39:08.949-0500 notice   [CursorRecorder] Setup complete id=channel-0-cursor
2026-05-06T17:39:08.963-0500 notice   [CursorRecorder] Refresh rate of current display changed. currentDisplay=1 id=channel-0-cursor refreshRate=120 FPS
2026-05-06T17:39:08.977-0500 notice   [DisplayRecorder: channel-1-display] Created SCStream id=channel-1-display
2026-05-06T17:39:08.977-0500 debug    [DisplayRecorder: channel-1-display] Add StreamOutput to capture screen content id=channel-1-display
2026-05-06T17:39:08.977-0500 debug    [DisplayRecorder: channel-1-display] Enable verbose SCK logging id=channel-1-display
2026-05-06T17:39:08.977-0500 debug    [DisplayRecorder: channel-1-display] Start stream capture id=channel-1-display
2026-05-06T17:39:09.044-0500 notice   [DisplayRecorder: channel-1-display] Started stream capture id=channel-1-display
2026-05-06T17:39:09.044-0500 debug    [DisplayRecorder: channel-1-display] Waiting for ring buffer to have a frame id=channel-1-display
2026-05-06T17:39:09.050-0500 debug    [StreamCoordinator: channel-1-display] Stream did output sample buffer id=channel-1-display isValid=true
2026-05-06T17:39:09.050-0500 debug    [DisplayRecorder: channel-1-display] Checking delta of presentation time stamp to host time clock. framePTS=98323.76865125 hostTime=98323.769168791 id=channel-1-display
2026-05-06T17:39:09.050-0500 notice   [DisplayRecorder: channel-1-display] Trivial delta between presentation time stamp to host time clock, will trust frame PTS. framePTS=98323.76865125 hostTime=98323.769168791 hostTimeDelta=0.000517541 id=channel-1-display
2026-05-06T17:39:09.050-0500 notice   [DisplayRecorder: channel-1-display] Ring buffer has a frame id=channel-1-display
2026-05-06T17:39:09.050-0500 debug    [DisplayRecorder: channel-1-display] Disable verbose SCK logging id=channel-1-display
2026-05-06T17:39:09.050-0500 notice   [DisplayRecorder: channel-1-display] Setup complete id=channel-1-display
2026-05-06T17:39:09.050-0500 notice   [Conductor] Did setup all recorders. recorders=3
2026-05-06T17:39:09.050-0500 debug    [Conductor] Calling prepare on all recorders for session. recorders=3
2026-05-06T17:39:09.050-0500 notice   [InputRecorder] Preparing session. id=channel-0-input sessions=0
2026-05-06T17:39:09.050-0500 debug    [DisplayRecorder: channel-1-display] Creating SessionWriter id=channel-1-display
2026-05-06T17:39:09.050-0500 debug    [SessionWriter: channel-1-display-0] Creating AVAssetWriter id=channel-1-display
2026-05-06T17:39:09.051-0500 notice   [SessionWriter: channel-1-display-0] Created AVAssetWriter id=channel-1-display
2026-05-06T17:39:09.051-0500 debug    [SessionWriter: channel-1-display-0] Add AVAssetWriter.error observation id=channel-1-display
2026-05-06T17:39:09.051-0500 notice   [SessionWriter: channel-1-display-0] Added AVAssetWriter.error observation id=channel-1-display
2026-05-06T17:39:09.051-0500 debug    [SessionWriter: channel-1-display-0] Creating AVAssetWriterInput id=channel-1-display mediaType=AVMediaType(_rawValue: vide) outputSettings=["AVVideoEncoderSpecificationKey": {
    EnableHardwareAcceleratedVideoEncoder = 1;
}, "AVVideoCodecKey": avc1, "AVVideoHeightKey": 1964, "AVVideoScalingModeKey": AVVideoScalingModeResizeAspect, "AVVideoWidthKey": 3024, "AVVideoCompressionPropertiesKey": {
    AllowFrameReordering = 1;
    AverageBitRate = 20227026;
    AverageNonDroppableFrameRate = 30;
    ExpectedFrameRate = 120;
    H264EntropyMode = CABAC;
    MaxKeyFrameInterval = 30;
    ProfileLevel = "H264_High_AutoLevel";
}]
2026-05-06T17:39:09.052-0500 notice   [InputRecorder] Prepared session. id=channel-0-input sessions=1
2026-05-06T17:39:09.107-0500 debug    [SessionWriter: channel-1-display-0] Adding AVAssetWriterInput to AVAssetWriter. id=channel-1-display
2026-05-06T17:39:09.107-0500 notice   [SessionWriter: channel-1-display-0] Added AVAssetWriterInput to AVAssetWriter id=channel-1-display
2026-05-06T17:39:09.128-0500 debug    [DisplayRecorder: channel-1-display] Processing initial samples from buffer. bufferCount=3 id=channel-1-display
2026-05-06T17:39:09.128-0500 notice   [DisplayRecorder: channel-1-display] Processed initial samples from buffer. bufferCount=3 id=channel-1-display
2026-05-06T17:39:09.128-0500 notice   [DisplayRecorder: channel-1-display] Created SessionWriter id=channel-1-display
2026-05-06T17:39:09.128-0500 notice   [Conductor] Called prepare recorders for session. recorders=3
2026-05-06T17:39:09.128-0500 debug    [Conductor] Broadcasting over stdout that all recorders are prepared. recorders=3
2026-05-06T17:39:09.128-0500 notice   [Conductor] Broadcasted over stdout that all recorders are prepared. recorders=3
2026-05-06T17:39:09.129-0500 notice   [SignalHandler] Received SIGCONT.
2026-05-06T17:39:09.129-0500 debug    [Conductor] Resuming recording.
2026-05-06T17:39:09.129-0500 notice   [Conductor] Recording resumed. recordFrom=98323.84802475001
2026-05-06T17:39:09.129-0500 debug    [Conductor] Start async updates for recording.
2026-05-06T17:39:09.129-0500 notice   [Conductor] Started async updates for recording.
2026-05-06T17:39:09.129-0500 debug    [Conductor] Update metadata file.
2026-05-06T17:39:09.130-0500 debug    [polyrecorder] Metadata file updated.
2026-05-06T17:39:09.130-0500 notice   [Conductor] Updated metadata file.
2026-05-06T17:39:09.130-0500 debug    [Conductor] Broadcasting over stdout that session started. recorders=3
2026-05-06T17:39:09.130-0500 notice   [Conductor] Broadcasted over stdout that sessions started. recorders=3
2026-05-06T17:39:09.131-0500 debug    [SessionWriter: channel-1-display-0] Start session on AVAssetWriter id=channel-1-display sessionStart=CMTime(seconds:98323.84802475 timescale:1000000000 value:98323848024750 flags:valid, hasBeenRounded)
2026-05-06T17:39:09.131-0500 notice   [SessionWriter: channel-1-display-0] Started session on AVAssetWriter id=channel-1-display sessionStart=CMTime(seconds:98323.84802475 timescale:1000000000 value:98323848024750 flags:valid, hasBeenRounded)
2026-05-06T17:39:09.131-0500 notice   [SessionWriter: channel-1-display-0] Appending first sample buffer duration=CMTime(seconds:nan timescale:0 value:0 flags:<empty>) id=channel-1-display newPresentationTime=CMTime(seconds:98323.84802475 timescale:1000000000 value:98323848024750 flags:valid, hasBeenRounded) originalDecodeTime=CMTime(seconds:nan timescale:0 value:0 flags:<empty>) originalPresentationTime=CMTime(seconds:98323.843650916 timescale:1000000000 value:98323843650916 flags:valid)
2026-05-06T17:39:09.135-0500 notice   [SessionWriter: channel-1-display-0] Appending second sample buffer duration=CMTime(seconds:nan timescale:0 value:0 flags:<empty>) id=channel-1-display newPresentationTime=CMTime(seconds:98323.85198425 timescale:1000000000 value:98323851984250 flags:valid) originalDecodeTime=CMTime(seconds:nan timescale:0 value:0 flags:<empty>) originalPresentationTime=CMTime(seconds:98323.85198425 timescale:1000000000 value:98323851984250 flags:valid)
2026-05-06T17:39:09.136-0500 debug    [polyrecorder] Metadata file updated.
2026-05-06T17:39:09.170-0500 info     [DiskSpaceInfo] Current disk space update file:///Users/brian/Library/Application%20Support/Screen%20Studio/Screen%20Studio%20Recordings/Built-in%20Retina%20Display%202026-05-06%2017:39:08, total: 994.61 GB, available: 622.85 GB, availableForImportantUsage: 670.55 GB, availableForOpportunisticUsage: 620.94 GB available=622847889408 availableImportant=670546782837 availableOppertunistic=620941288459 total=994610155520
2026-05-06T17:39:09.356-0500 debug    [SegmentedAssetWriterDelegate] Did output segment data: 697, segmentType:initialization, segmentReport:nil id=channel-1-display
2026-05-06T17:39:09.356-0500 debug    [SegmentedAssetWriterDelegate] Writing segment data: file:///Users/brian/Library/Application%20Support/Screen%20Studio/Screen%20Studio%20Recordings/Built-in%20Retina%20Display%202026-05-06%2017:39:08/channel-1-display-0-0000.mp4 id=channel-1-display
2026-05-06T17:39:09.357-0500 debug    [polyrecorder] Created playlist writer at file:///Users/brian/Library/Application%20Support/Screen%20Studio/Screen%20Studio%20Recordings/Built-in%20Retina%20Display%202026-05-06%2017:39:08/channel-1-display-0.m3u8 id=channel-1-display
2026-05-06T17:39:09.357-0500 debug    [SegmentedAssetWriterDelegate] Did output segment data: 555280, segmentType:separable, segmentReport:AVAssetSegmentTrackReport(earliestPresentationTimeStamp:CMTime(seconds:98323.84833333333 timescale:600 value:58994309 flags:valid) duration:CMTime(seconds:0.15333333333333332 timescale:600 value:92 flags:valid) firstVideoSampleInformation:(presentationTimeStamp:CMTime(seconds:98323.84833333333 timescale:600 value:58994309 flags:valid) offset:324 length:152353 isSyncSample:true)) id=channel-1-display
2026-05-06T17:39:09.357-0500 debug    [SegmentedAssetWriterDelegate] Writing segment data: file:///Users/brian/Library/Application%20Support/Screen%20Studio/Screen%20Studio%20Recordings/Built-in%20Retina%20Display%202026-05-06%2017:39:08/channel-1-display-0-0001.m4s id=channel-1-display
2026-05-06T17:39:09.357-0500 info     [SegmentedAssetWriterDelegate] Appending channel-1-display-0-0001.m4s: CMTime(seconds:98323.84833333333 timescale:600 value:58994309 flags:valid) id=channel-1-display
2026-05-06T17:39:09.926-0500 debug    [polyrecorder] Metadata file updated.
2026-05-06T17:39:10.434-0500 debug    [InputRecorderSession: 0] Generated mouse move events for cursor changes between mouse moves. after=98325.13887925 generatedEvents=1 id=channel-0-input session=0 untilIncluding=98325.139162333
2026-05-06T17:39:10.458-0500 debug    [InputRecorderSession: 0] Generated mouse move events for cursor changes between mouse moves. after=98325.16395825 generatedEvents=1 id=channel-0-input session=0 untilIncluding=98325.164248791
2026-05-06T17:39:10.480-0500 debug    [InputRecorderSession: 0] Generated mouse move events for cursor changes between mouse moves. after=98325.188933666 generatedEvents=1 id=channel-0-input session=0 untilIncluding=98325.18921925
2026-05-06T17:39:10.502-0500 debug    [InputRecorderSession: 0] Generated mouse move events for cursor changes between mouse moves. after=98325.214810333 generatedEvents=1 id=channel-0-input session=0 untilIncluding=98325.215096041
2026-05-06T17:39:10.589-0500 debug    [InputRecorderSession: 0] Generated mouse move events for cursor changes between mouse moves. after=98325.298055666 generatedEvents=1 id=channel-0-input session=0 untilIncluding=98325.29833425
2026-05-06T17:39:10.590-0500 debug    [InputRecorderSession: 0] Generated mouse move events for cursor changes between mouse moves. after=98325.306489 generatedEvents=1 id=channel-0-input session=0 untilIncluding=98325.306784666
2026-05-06T17:39:10.675-0500 debug    [InputRecorderSession: 0] Generated mouse move events for cursor changes between mouse moves. after=98325.389734291 generatedEvents=1 id=channel-0-input session=0 untilIncluding=98325.390021541
2026-05-06T17:39:10.714-0500 debug    [InputRecorderSession: 0] Generated mouse move events for cursor changes between mouse moves. after=98325.414730333 generatedEvents=1 id=channel-0-input session=0 untilIncluding=98325.415018041
2026-05-06T17:39:10.717-0500 debug    [InputRecorderSession: 0] Generated mouse move events for cursor changes between mouse moves. after=98325.431440166 generatedEvents=1 id=channel-0-input session=0 untilIncluding=98325.431726375
2026-05-06T17:39:10.780-0500 debug    [InputRecorderSession: 0] Generated mouse move events for cursor changes between mouse moves. after=98325.489819375 generatedEvents=1 id=channel-0-input session=0 untilIncluding=98325.490106208
2026-05-06T17:39:11.709-0500 debug    [SegmentedAssetWriterDelegate] Did output segment data: 1799572, segmentType:separable, segmentReport:AVAssetSegmentTrackReport(earliestPresentationTimeStamp:CMTime(seconds:98324.00166666666 timescale:600 value:58994401 flags:valid) duration:CMTime(seconds:2.3916666666666666 timescale:600 value:1435 flags:valid) firstVideoSampleInformation:(presentationTimeStamp:CMTime(seconds:98324.00166666666 timescale:600 value:58994401 flags:valid, hasBeenRounded) offset:1224 length:355064 isSyncSample:true)) id=channel-1-display
2026-05-06T17:39:11.709-0500 debug    [SegmentedAssetWriterDelegate] Writing segment data: file:///Users/brian/Library/Application%20Support/Screen%20Studio/Screen%20Studio%20Recordings/Built-in%20Retina%20Display%202026-05-06%2017:39:08/channel-1-display-0-0002.m4s id=channel-1-display
2026-05-06T17:39:11.712-0500 info     [SegmentedAssetWriterDelegate] Appending channel-1-display-0-0002.m4s: CMTime(seconds:98324.00166666666 timescale:600 value:58994401 flags:valid) id=channel-1-display
2026-05-06T17:39:13.349-0500 debug    [SegmentedAssetWriterDelegate] Did output segment data: 3571106, segmentType:separable, segmentReport:AVAssetSegmentTrackReport(earliestPresentationTimeStamp:CMTime(seconds:98326.39333333333 timescale:600 value:58995836 flags:valid) duration:CMTime(seconds:1.6333333333333333 timescale:600 value:980 flags:valid) firstVideoSampleInformation:(presentationTimeStamp:CMTime(seconds:98326.39333333333 timescale:600 value:58995836 flags:valid, hasBeenRounded) offset:440 length:563489 isSyncSample:true)) id=channel-1-display
2026-05-06T17:39:13.349-0500 debug    [SegmentedAssetWriterDelegate] Writing segment data: file:///Users/brian/Library/Application%20Support/Screen%20Studio/Screen%20Studio%20Recordings/Built-in%20Retina%20Display%202026-05-06%2017:39:08/channel-1-display-0-0003.m4s id=channel-1-display
2026-05-06T17:39:13.351-0500 info     [SegmentedAssetWriterDelegate] Appending channel-1-display-0-0003.m4s: CMTime(seconds:98326.39333333333 timescale:600 value:58995836 flags:valid) id=channel-1-display
2026-05-06T17:39:13.874-0500 debug    [StreamCoordinator: channel-1-display] SCFrameStatus summary for last 5 seconds id=channel-1-display summary=[("complete", 158), ("idle", 223)] total=381
2026-05-06T17:39:15.337-0500 debug    [SegmentedAssetWriterDelegate] Did output segment data: 3962060, segmentType:separable, segmentReport:AVAssetSegmentTrackReport(earliestPresentationTimeStamp:CMTime(seconds:98328.02666666667 timescale:600 value:58996816 flags:valid) duration:CMTime(seconds:1.9833333333333334 timescale:600 value:1190 flags:valid) firstVideoSampleInformation:(presentationTimeStamp:CMTime(seconds:98328.02666666667 timescale:600 value:58996816 flags:valid, hasBeenRounded) offset:484 length:598176 isSyncSample:true)) id=channel-1-display
2026-05-06T17:39:15.337-0500 debug    [SegmentedAssetWriterDelegate] Writing segment data: file:///Users/brian/Library/Application%20Support/Screen%20Studio/Screen%20Studio%20Recordings/Built-in%20Retina%20Display%202026-05-06%2017:39:08/channel-1-display-0-0004.m4s id=channel-1-display
2026-05-06T17:39:15.340-0500 info     [SegmentedAssetWriterDelegate] Appending channel-1-display-0-0004.m4s: CMTime(seconds:98328.02666666667 timescale:600 value:58996816 flags:valid) id=channel-1-display
2026-05-06T17:39:17.346-0500 debug    [SegmentedAssetWriterDelegate] Did output segment data: 4623267, segmentType:separable, segmentReport:AVAssetSegmentTrackReport(earliestPresentationTimeStamp:CMTime(seconds:98330.01 timescale:600 value:58998006 flags:valid) duration:CMTime(seconds:2.0083333333333333 timescale:600 value:1205 flags:valid) firstVideoSampleInformation:(presentationTimeStamp:CMTime(seconds:98330.01 timescale:600 value:58998006 flags:valid, hasBeenRounded) offset:468 length:814555 isSyncSample:true)) id=channel-1-display
2026-05-06T17:39:17.346-0500 debug    [SegmentedAssetWriterDelegate] Writing segment data: file:///Users/brian/Library/Application%20Support/Screen%20Studio/Screen%20Studio%20Recordings/Built-in%20Retina%20Display%202026-05-06%2017:39:08/channel-1-display-0-0005.m4s id=channel-1-display
2026-05-06T17:39:17.348-0500 info     [SegmentedAssetWriterDelegate] Appending channel-1-display-0-0005.m4s: CMTime(seconds:98330.01 timescale:600 value:58998006 flags:valid) id=channel-1-display
2026-05-06T17:39:18.875-0500 debug    [StreamCoordinator: channel-1-display] SCFrameStatus summary for last 5 seconds id=channel-1-display summary=[("complete", 85), ("idle", 268)] total=353
2026-05-06T17:39:19.892-0500 debug    [DisplayRecorder: channel-1-display] Repeating capture frame. after=1.006370209 id=channel-1-display
2026-05-06T17:39:20.086-0500 debug    [SegmentedAssetWriterDelegate] Did output segment data: 1807110, segmentType:separable, segmentReport:AVAssetSegmentTrackReport(earliestPresentationTimeStamp:CMTime(seconds:98332.01833333333 timescale:600 value:58999211 flags:valid) duration:CMTime(seconds:2.598333333333333 timescale:600 value:1559 flags:valid) firstVideoSampleInformation:(presentationTimeStamp:CMTime(seconds:98332.01833333333 timescale:600 value:58999211 flags:valid, hasBeenRounded) offset:404 length:751832 isSyncSample:true)) id=channel-1-display
2026-05-06T17:39:20.086-0500 debug    [SegmentedAssetWriterDelegate] Writing segment data: file:///Users/brian/Library/Application%20Support/Screen%20Studio/Screen%20Studio%20Recordings/Built-in%20Retina%20Display%202026-05-06%2017:39:08/channel-1-display-0-0006.m4s id=channel-1-display
2026-05-06T17:39:20.087-0500 info     [SegmentedAssetWriterDelegate] Appending channel-1-display-0-0006.m4s: CMTime(seconds:98332.01833333333 timescale:600 value:58999211 flags:valid) id=channel-1-display
2026-05-06T17:39:20.468-0500 debug    [InputRecorderSession: 0] Generated mouse move events for cursor changes between mouse moves. after=98335.180402958 generatedEvents=1 id=channel-0-input session=0 untilIncluding=98335.180711458
2026-05-06T17:39:21.323-0500 debug    [SegmentedAssetWriterDelegate] Did output segment data: 6667042, segmentType:separable, segmentReport:AVAssetSegmentTrackReport(earliestPresentationTimeStamp:CMTime(seconds:98334.61666666667 timescale:600 value:59000770 flags:valid) duration:CMTime(seconds:1.39 timescale:600 value:834 flags:valid) firstVideoSampleInformation:(presentationTimeStamp:CMTime(seconds:98334.61666666667 timescale:600 value:59000770 flags:valid, hasBeenRounded) offset:1256 length:926201 isSyncSample:true)) id=channel-1-display
2026-05-06T17:39:21.323-0500 debug    [SegmentedAssetWriterDelegate] Writing segment data: file:///Users/brian/Library/Application%20Support/Screen%20Studio/Screen%20Studio%20Recordings/Built-in%20Retina%20Display%202026-05-06%2017:39:08/channel-1-display-0-0007.m4s id=channel-1-display
2026-05-06T17:39:21.325-0500 info     [SegmentedAssetWriterDelegate] Appending channel-1-display-0-0007.m4s: CMTime(seconds:98334.61666666667 timescale:600 value:59000770 flags:valid) id=channel-1-display
2026-05-06T17:39:23.317-0500 debug    [SegmentedAssetWriterDelegate] Did output segment data: 7511444, segmentType:separable, segmentReport:AVAssetSegmentTrackReport(earliestPresentationTimeStamp:CMTime(seconds:98336.00666666667 timescale:600 value:59001604 flags:valid) duration:CMTime(seconds:2.0 timescale:600 value:1200 flags:valid) firstVideoSampleInformation:(presentationTimeStamp:CMTime(seconds:98336.00666666667 timescale:600 value:59001604 flags:valid, hasBeenRounded) offset:1964 length:801535 isSyncSample:true)) id=channel-1-display
2026-05-06T17:39:23.317-0500 debug    [SegmentedAssetWriterDelegate] Writing segment data: file:///Users/brian/Library/Application%20Support/Screen%20Studio/Screen%20Studio%20Recordings/Built-in%20Retina%20Display%202026-05-06%2017:39:08/channel-1-display-0-0008.m4s id=channel-1-display
2026-05-06T17:39:23.323-0500 info     [SegmentedAssetWriterDelegate] Appending channel-1-display-0-0008.m4s: CMTime(seconds:98336.00666666667 timescale:600 value:59001604 flags:valid) id=channel-1-display
2026-05-06T17:39:23.874-0500 debug    [StreamCoordinator: channel-1-display] SCFrameStatus summary for last 5 seconds id=channel-1-display summary=[("complete", 309), ("idle", 161)] total=470
2026-05-06T17:39:25.335-0500 debug    [SegmentedAssetWriterDelegate] Did output segment data: 4360107, segmentType:separable, segmentReport:AVAssetSegmentTrackReport(earliestPresentationTimeStamp:CMTime(seconds:98338.00666666667 timescale:600 value:59002804 flags:valid) duration:CMTime(seconds:2.0083333333333333 timescale:600 value:1205 flags:valid) firstVideoSampleInformation:(presentationTimeStamp:CMTime(seconds:98338.00666666667 timescale:600 value:59002804 flags:valid, hasBeenRounded) offset:1988 length:743711 isSyncSample:true)) id=channel-1-display
2026-05-06T17:39:25.335-0500 debug    [SegmentedAssetWriterDelegate] Writing segment data: file:///Users/brian/Library/Application%20Support/Screen%20Studio/Screen%20Studio%20Recordings/Built-in%20Retina%20Display%202026-05-06%2017:39:08/channel-1-display-0-0009.m4s id=channel-1-display
2026-05-06T17:39:25.339-0500 info     [SegmentedAssetWriterDelegate] Appending channel-1-display-0-0009.m4s: CMTime(seconds:98338.00666666667 timescale:600 value:59002804 flags:valid) id=channel-1-display
2026-05-06T17:39:27.355-0500 debug    [SegmentedAssetWriterDelegate] Did output segment data: 5799705, segmentType:separable, segmentReport:AVAssetSegmentTrackReport(earliestPresentationTimeStamp:CMTime(seconds:98340.015 timescale:600 value:59004009 flags:valid) duration:CMTime(seconds:2.0166666666666666 timescale:600 value:1210 flags:valid) firstVideoSampleInformation:(presentationTimeStamp:CMTime(seconds:98340.015 timescale:600 value:59004009 flags:valid, hasBeenRounded) offset:2112 length:739534 isSyncSample:true)) id=channel-1-display
2026-05-06T17:39:27.355-0500 debug    [SegmentedAssetWriterDelegate] Writing segment data: file:///Users/brian/Library/Application%20Support/Screen%20Studio/Screen%20Studio%20Recordings/Built-in%20Retina%20Display%202026-05-06%2017:39:08/channel-1-display-0-0010.m4s id=channel-1-display
2026-05-06T17:39:27.359-0500 info     [SegmentedAssetWriterDelegate] Appending channel-1-display-0-0010.m4s: CMTime(seconds:98340.015 timescale:600 value:59004009 flags:valid) id=channel-1-display
2026-05-06T17:39:28.874-0500 debug    [StreamCoordinator: channel-1-display] SCFrameStatus summary for last 5 seconds id=channel-1-display summary=[("complete", 372), ("idle", 107)] total=479
2026-05-06T17:39:29.330-0500 debug    [SegmentedAssetWriterDelegate] Did output segment data: 4270441, segmentType:separable, segmentReport:AVAssetSegmentTrackReport(earliestPresentationTimeStamp:CMTime(seconds:98342.03166666666 timescale:600 value:59005219 flags:valid) duration:CMTime(seconds:1.975 timescale:600 value:1185 flags:valid) firstVideoSampleInformation:(presentationTimeStamp:CMTime(seconds:98342.03166666666 timescale:600 value:59005219 flags:valid, hasBeenRounded) offset:1820 length:756484 isSyncSample:true)) id=channel-1-display
2026-05-06T17:39:29.330-0500 debug    [SegmentedAssetWriterDelegate] Writing segment data: file:///Users/brian/Library/Application%20Support/Screen%20Studio/Screen%20Studio%20Recordings/Built-in%20Retina%20Display%202026-05-06%2017:39:08/channel-1-display-0-0011.m4s id=channel-1-display
2026-05-06T17:39:29.335-0500 info     [SegmentedAssetWriterDelegate] Appending channel-1-display-0-0011.m4s: CMTime(seconds:98342.03166666666 timescale:600 value:59005219 flags:valid) id=channel-1-display
2026-05-06T17:39:31.324-0500 debug    [SegmentedAssetWriterDelegate] Did output segment data: 4341394, segmentType:separable, segmentReport:AVAssetSegmentTrackReport(earliestPresentationTimeStamp:CMTime(seconds:98344.00666666667 timescale:600 value:59006404 flags:valid) duration:CMTime(seconds:2.0 timescale:600 value:1200 flags:valid) firstVideoSampleInformation:(presentationTimeStamp:CMTime(seconds:98344.00666666667 timescale:600 value:59006404 flags:valid, hasBeenRounded) offset:1832 length:756577 isSyncSample:true)) id=channel-1-display
2026-05-06T17:39:31.324-0500 debug    [SegmentedAssetWriterDelegate] Writing segment data: file:///Users/brian/Library/Application%20Support/Screen%20Studio/Screen%20Studio%20Recordings/Built-in%20Retina%20Display%202026-05-06%2017:39:08/channel-1-display-0-0012.m4s id=channel-1-display
2026-05-06T17:39:31.328-0500 info     [SegmentedAssetWriterDelegate] Appending channel-1-display-0-0012.m4s: CMTime(seconds:98344.00666666667 timescale:600 value:59006404 flags:valid) id=channel-1-display
2026-05-06T17:39:33.336-0500 debug    [SegmentedAssetWriterDelegate] Did output segment data: 4423785, segmentType:separable, segmentReport:AVAssetSegmentTrackReport(earliestPresentationTimeStamp:CMTime(seconds:98346.00666666667 timescale:600 value:59007604 flags:valid) duration:CMTime(seconds:2.0 timescale:600 value:1200 flags:valid) firstVideoSampleInformation:(presentationTimeStamp:CMTime(seconds:98346.00666666667 timescale:600 value:59007604 flags:valid, hasBeenRounded) offset:1952 length:756658 isSyncSample:true)) id=channel-1-display
2026-05-06T17:39:33.336-0500 debug    [SegmentedAssetWriterDelegate] Writing segment data: file:///Users/brian/Library/Application%20Support/Screen%20Studio/Screen%20Studio%20Recordings/Built-in%20Retina%20Display%202026-05-06%2017:39:08/channel-1-display-0-0013.m4s id=channel-1-display
2026-05-06T17:39:33.339-0500 info     [SegmentedAssetWriterDelegate] Appending channel-1-display-0-0013.m4s: CMTime(seconds:98346.00666666667 timescale:600 value:59007604 flags:valid) id=channel-1-display
2026-05-06T17:39:33.874-0500 debug    [StreamCoordinator: channel-1-display] SCFrameStatus summary for last 5 seconds id=channel-1-display summary=[("complete", 348), ("idle", 124)] total=472
2026-05-06T17:39:35.322-0500 debug    [SegmentedAssetWriterDelegate] Did output segment data: 4814747, segmentType:separable, segmentReport:AVAssetSegmentTrackReport(earliestPresentationTimeStamp:CMTime(seconds:98348.00666666667 timescale:600 value:59008804 flags:valid) duration:CMTime(seconds:2.0 timescale:600 value:1200 flags:valid) firstVideoSampleInformation:(presentationTimeStamp:CMTime(seconds:98348.00666666667 timescale:600 value:59008804 flags:valid, hasBeenRounded) offset:1700 length:756720 isSyncSample:true)) id=channel-1-display
2026-05-06T17:39:35.322-0500 debug    [SegmentedAssetWriterDelegate] Writing segment data: file:///Users/brian/Library/Application%20Support/Screen%20Studio/Screen%20Studio%20Recordings/Built-in%20Retina%20Display%202026-05-06%2017:39:08/channel-1-display-0-0014.m4s id=channel-1-display
2026-05-06T17:39:35.325-0500 info     [SegmentedAssetWriterDelegate] Appending channel-1-display-0-0014.m4s: CMTime(seconds:98348.00666666667 timescale:600 value:59008804 flags:valid) id=channel-1-display
2026-05-06T17:39:36.640-0500 debug    [DisplayRecorder: channel-1-display] Repeating capture frame. after=1.007578083 id=channel-1-display
2026-05-06T17:39:37.352-0500 debug    [SegmentedAssetWriterDelegate] Did output segment data: 1094813, segmentType:separable, segmentReport:AVAssetSegmentTrackReport(earliestPresentationTimeStamp:CMTime(seconds:98350.00666666667 timescale:600 value:59010004 flags:valid) duration:CMTime(seconds:2.025 timescale:600 value:1215 flags:valid) firstVideoSampleInformation:(presentationTimeStamp:CMTime(seconds:98350.00666666667 timescale:600 value:59010004 flags:valid, hasBeenRounded) offset:512 length:949467 isSyncSample:true)) id=channel-1-display
2026-05-06T17:39:37.352-0500 debug    [SegmentedAssetWriterDelegate] Writing segment data: file:///Users/brian/Library/Application%20Support/Screen%20Studio/Screen%20Studio%20Recordings/Built-in%20Retina%20Display%202026-05-06%2017:39:08/channel-1-display-0-0015.m4s id=channel-1-display
2026-05-06T17:39:37.353-0500 info     [SegmentedAssetWriterDelegate] Appending channel-1-display-0-0015.m4s: CMTime(seconds:98350.00666666667 timescale:600 value:59010004 flags:valid) id=channel-1-display
2026-05-06T17:39:37.668-0500 debug    [InputRecorderSession: 0] Generated mouse move events for cursor changes between mouse moves. after=98336.327745416 generatedEvents=1 id=channel-0-input session=0 untilIncluding=98352.383674458
2026-05-06T17:39:37.743-0500 debug    [InputRecorderSession: 0] Generated mouse move events for cursor changes between mouse moves. after=98352.443742 generatedEvents=1 id=channel-0-input session=0 untilIncluding=98352.44402675
2026-05-06T17:39:37.791-0500 debug    [InputRecorderSession: 0] Generated mouse move events for cursor changes between mouse moves. after=98352.501638583 generatedEvents=1 id=channel-0-input session=0 untilIncluding=98352.503645666
2026-05-06T17:39:37.814-0500 debug    [InputRecorderSession: 0] Generated mouse move events for cursor changes between mouse moves. after=98352.516670583 generatedEvents=1 id=channel-0-input session=0 untilIncluding=98352.516977291
2026-05-06T17:39:37.816-0500 debug    [InputRecorderSession: 0] Generated mouse move events for cursor changes between mouse moves. after=98352.530906666 generatedEvents=1 id=channel-0-input session=0 untilIncluding=98352.531263166
2026-05-06T17:39:38.873-0500 debug    [StreamCoordinator: channel-1-display] SCFrameStatus summary for last 5 seconds id=channel-1-display summary=[("complete", 203), ("idle", 206)] total=409
2026-05-06T17:39:39.479-0500 debug    [SegmentedAssetWriterDelegate] Did output segment data: 2912132, segmentType:separable, segmentReport:AVAssetSegmentTrackReport(earliestPresentationTimeStamp:CMTime(seconds:98352.03166666666 timescale:600 value:59011219 flags:valid) duration:CMTime(seconds:1.97 timescale:600 value:1182 flags:valid) firstVideoSampleInformation:(presentationTimeStamp:CMTime(seconds:98352.03166666666 timescale:600 value:59011219 flags:valid, hasBeenRounded) offset:872 length:937713 isSyncSample:true)) id=channel-1-display
2026-05-06T17:39:39.479-0500 debug    [SegmentedAssetWriterDelegate] Writing segment data: file:///Users/brian/Library/Application%20Support/Screen%20Studio/Screen%20Studio%20Recordings/Built-in%20Retina%20Display%202026-05-06%2017:39:08/channel-1-display-0-0016.m4s id=channel-1-display
2026-05-06T17:39:39.484-0500 info     [SegmentedAssetWriterDelegate] Appending channel-1-display-0-0016.m4s: CMTime(seconds:98352.03166666666 timescale:600 value:59011219 flags:valid) id=channel-1-display
2026-05-06T17:39:41.302-0500 debug    [SegmentedAssetWriterDelegate] Did output segment data: 965169, segmentType:separable, segmentReport:AVAssetSegmentTrackReport(earliestPresentationTimeStamp:CMTime(seconds:98354.00166666666 timescale:600 value:59012401 flags:valid) duration:CMTime(seconds:2.0 timescale:600 value:1200 flags:valid) firstVideoSampleInformation:(presentationTimeStamp:CMTime(seconds:98354.00166666666 timescale:600 value:59012401 flags:valid, hasBeenRounded) offset:264 length:938742 isSyncSample:true)) id=channel-1-display
2026-05-06T17:39:41.302-0500 debug    [SegmentedAssetWriterDelegate] Writing segment data: file:///Users/brian/Library/Application%20Support/Screen%20Studio/Screen%20Studio%20Recordings/Built-in%20Retina%20Display%202026-05-06%2017:39:08/channel-1-display-0-0017.m4s id=channel-1-display
2026-05-06T17:39:41.305-0500 info     [SegmentedAssetWriterDelegate] Appending channel-1-display-0-0017.m4s: CMTime(seconds:98354.00166666666 timescale:600 value:59012401 flags:valid) id=channel-1-display
2026-05-06T17:39:43.874-0500 debug    [StreamCoordinator: channel-1-display] SCFrameStatus summary for last 5 seconds id=channel-1-display summary=[("complete", 47), ("idle", 293)] total=340
2026-05-06T17:39:44.130-0500 debug    [SegmentedAssetWriterDelegate] Did output segment data: 1055684, segmentType:separable, segmentReport:AVAssetSegmentTrackReport(earliestPresentationTimeStamp:CMTime(seconds:98356.00166666666 timescale:600 value:59013601 flags:valid) duration:CMTime(seconds:2.316666666666667 timescale:600 value:1390 flags:valid) firstVideoSampleInformation:(presentationTimeStamp:CMTime(seconds:98356.00166666666 timescale:600 value:59013601 flags:valid, hasBeenRounded) offset:404 length:941006 isSyncSample:true)) id=channel-1-display
2026-05-06T17:39:44.130-0500 debug    [SegmentedAssetWriterDelegate] Writing segment data: file:///Users/brian/Library/Application%20Support/Screen%20Studio/Screen%20Studio%20Recordings/Built-in%20Retina%20Display%202026-05-06%2017:39:08/channel-1-display-0-0018.m4s id=channel-1-display
2026-05-06T17:39:44.134-0500 info     [SegmentedAssetWriterDelegate] Appending channel-1-display-0-0018.m4s: CMTime(seconds:98356.00166666666 timescale:600 value:59013601 flags:valid) id=channel-1-display
2026-05-06T17:39:46.130-0500 debug    [SegmentedAssetWriterDelegate] Did output segment data: 788424, segmentType:separable, segmentReport:AVAssetSegmentTrackReport(earliestPresentationTimeStamp:CMTime(seconds:98358.31833333333 timescale:600 value:59014991 flags:valid) duration:CMTime(seconds:2.0 timescale:600 value:1200 flags:valid) firstVideoSampleInformation:(presentationTimeStamp:CMTime(seconds:98358.31833333333 timescale:600 value:59014991 flags:valid, hasBeenRounded) offset:148 length:779853 isSyncSample:true)) id=channel-1-display
2026-05-06T17:39:46.130-0500 debug    [SegmentedAssetWriterDelegate] Writing segment data: file:///Users/brian/Library/Application%20Support/Screen%20Studio/Screen%20Studio%20Recordings/Built-in%20Retina%20Display%202026-05-06%2017:39:08/channel-1-display-0-0019.m4s id=channel-1-display
2026-05-06T17:39:46.133-0500 info     [SegmentedAssetWriterDelegate] Appending channel-1-display-0-0019.m4s: CMTime(seconds:98358.31833333333 timescale:600 value:59014991 flags:valid) id=channel-1-display
2026-05-06T17:39:47.948-0500 debug    [InputRecorderSession: 0] Generated mouse move events for cursor changes between mouse moves. after=98352.697696541 generatedEvents=1 id=channel-0-input session=0 untilIncluding=98362.66249525
2026-05-06T17:39:47.969-0500 debug    [SegmentedAssetWriterDelegate] Did output segment data: 788425, segmentType:separable, segmentReport:AVAssetSegmentTrackReport(earliestPresentationTimeStamp:CMTime(seconds:98360.31833333333 timescale:600 value:59016191 flags:valid) duration:CMTime(seconds:2.0 timescale:600 value:1200 flags:valid) firstVideoSampleInformation:(presentationTimeStamp:CMTime(seconds:98360.31833333333 timescale:600 value:59016191 flags:valid, hasBeenRounded) offset:148 length:779854 isSyncSample:true)) id=channel-1-display
2026-05-06T17:39:47.969-0500 debug    [SegmentedAssetWriterDelegate] Writing segment data: file:///Users/brian/Library/Application%20Support/Screen%20Studio/Screen%20Studio%20Recordings/Built-in%20Retina%20Display%202026-05-06%2017:39:08/channel-1-display-0-0020.m4s id=channel-1-display
2026-05-06T17:39:47.970-0500 info     [SegmentedAssetWriterDelegate] Appending channel-1-display-0-0020.m4s: CMTime(seconds:98360.31833333333 timescale:600 value:59016191 flags:valid) id=channel-1-display
2026-05-06T17:39:48.874-0500 debug    [StreamCoordinator: channel-1-display] SCFrameStatus summary for last 5 seconds id=channel-1-display summary=[("complete", 28), ("idle", 313)] total=341
2026-05-06T17:39:49.452-0500 debug    [SegmentedAssetWriterDelegate] Did output segment data: 2611810, segmentType:separable, segmentReport:AVAssetSegmentTrackReport(earliestPresentationTimeStamp:CMTime(seconds:98362.31833333333 timescale:600 value:59017391 flags:valid) duration:CMTime(seconds:1.7 timescale:600 value:1020 flags:valid) firstVideoSampleInformation:(presentationTimeStamp:CMTime(seconds:98362.31833333333 timescale:600 value:59017391 flags:valid, hasBeenRounded) offset:616 length:779853 isSyncSample:true)) id=channel-1-display
2026-05-06T17:39:49.453-0500 debug    [SegmentedAssetWriterDelegate] Writing segment data: file:///Users/brian/Library/Application%20Support/Screen%20Studio/Screen%20Studio%20Recordings/Built-in%20Retina%20Display%202026-05-06%2017:39:08/channel-1-display-0-0021.m4s id=channel-1-display
2026-05-06T17:39:49.457-0500 info     [SegmentedAssetWriterDelegate] Appending channel-1-display-0-0021.m4s: CMTime(seconds:98362.31833333333 timescale:600 value:59017391 flags:valid) id=channel-1-display
2026-05-06T17:39:50.347-0500 debug    [DisplayRecorder: channel-1-display] Repeating capture frame. after=1.003259042 id=channel-1-display
2026-05-06T17:39:51.350-0500 debug    [DisplayRecorder: channel-1-display] Repeating capture frame. after=2.006182458 id=channel-1-display
2026-05-06T17:39:52.359-0500 debug    [DisplayRecorder: channel-1-display] Repeating capture frame. after=3.014875166 id=channel-1-display
2026-05-06T17:39:52.388-0500 debug    [SegmentedAssetWriterDelegate] Did output segment data: 1449187, segmentType:separable, segmentReport:AVAssetSegmentTrackReport(earliestPresentationTimeStamp:CMTime(seconds:98364.01833333333 timescale:600 value:59018411 flags:valid) duration:CMTime(seconds:2.0566666666666666 timescale:600 value:1234 flags:valid) firstVideoSampleInformation:(presentationTimeStamp:CMTime(seconds:98364.01833333333 timescale:600 value:59018411 flags:valid, hasBeenRounded) offset:216 length:1117005 isSyncSample:true)) id=channel-1-display
2026-05-06T17:39:52.388-0500 debug    [SegmentedAssetWriterDelegate] Writing segment data: file:///Users/brian/Library/Application%20Support/Screen%20Studio/Screen%20Studio%20Recordings/Built-in%20Retina%20Display%202026-05-06%2017:39:08/channel-1-display-0-0022.m4s id=channel-1-display
2026-05-06T17:39:52.391-0500 info     [SegmentedAssetWriterDelegate] Appending channel-1-display-0-0022.m4s: CMTime(seconds:98364.01833333333 timescale:600 value:59018411 flags:valid) id=channel-1-display
2026-05-06T17:39:53.367-0500 debug    [DisplayRecorder: channel-1-display] Repeating capture frame. after=4.022682708 id=channel-1-display
2026-05-06T17:39:53.877-0500 debug    [StreamCoordinator: channel-1-display] SCFrameStatus summary for last 5 seconds id=channel-1-display summary=[("complete", 37), ("idle", 301)] total=338
2026-05-06T17:39:54.376-0500 debug    [DisplayRecorder: channel-1-display] Repeating capture frame. after=5.031957125 id=channel-1-display
2026-05-06T17:39:54.405-0500 debug    [SegmentedAssetWriterDelegate] Did output segment data: 1069065, segmentType:separable, segmentReport:AVAssetSegmentTrackReport(earliestPresentationTimeStamp:CMTime(seconds:98366.075 timescale:600 value:59019645 flags:valid) duration:CMTime(seconds:2.0166666666666666 timescale:600 value:1210 flags:valid) firstVideoSampleInformation:(presentationTimeStamp:CMTime(seconds:98366.075 timescale:600 value:59019645 flags:valid, hasBeenRounded) offset:136 length:1060618 isSyncSample:true)) id=channel-1-display
2026-05-06T17:39:54.405-0500 debug    [SegmentedAssetWriterDelegate] Writing segment data: file:///Users/brian/Library/Application%20Support/Screen%20Studio/Screen%20Studio%20Recordings/Built-in%20Retina%20Display%202026-05-06%2017:39:08/channel-1-display-0-0023.m4s id=channel-1-display
2026-05-06T17:39:54.409-0500 info     [SegmentedAssetWriterDelegate] Appending channel-1-display-0-0023.m4s: CMTime(seconds:98366.075 timescale:600 value:59019645 flags:valid) id=channel-1-display
2026-05-06T17:39:55.377-0500 debug    [DisplayRecorder: channel-1-display] Repeating capture frame. after=6.033301959 id=channel-1-display
2026-05-06T17:39:56.386-0500 debug    [DisplayRecorder: channel-1-display] Repeating capture frame. after=7.042167876 id=channel-1-display
2026-05-06T17:39:56.415-0500 debug    [SegmentedAssetWriterDelegate] Did output segment data: 1069295, segmentType:separable, segmentReport:AVAssetSegmentTrackReport(earliestPresentationTimeStamp:CMTime(seconds:98368.09166666666 timescale:600 value:59020855 flags:valid) duration:CMTime(seconds:2.01 timescale:600 value:1206 flags:valid) firstVideoSampleInformation:(presentationTimeStamp:CMTime(seconds:98368.09166666666 timescale:600 value:59020855 flags:valid, hasBeenRounded) offset:140 length:1060848 isSyncSample:true)) id=channel-1-display
2026-05-06T17:39:56.415-0500 debug    [SegmentedAssetWriterDelegate] Writing segment data: file:///Users/brian/Library/Application%20Support/Screen%20Studio/Screen%20Studio%20Recordings/Built-in%20Retina%20Display%202026-05-06%2017:39:08/channel-1-display-0-0024.m4s id=channel-1-display
2026-05-06T17:39:56.419-0500 info     [SegmentedAssetWriterDelegate] Appending channel-1-display-0-0024.m4s: CMTime(seconds:98368.09166666666 timescale:600 value:59020855 flags:valid) id=channel-1-display
2026-05-06T17:39:57.387-0500 debug    [DisplayRecorder: channel-1-display] Repeating capture frame. after=8.043199834 id=channel-1-display
2026-05-06T17:39:57.846-0500 notice   [SignalHandler] Received SIGTERM.
2026-05-06T17:39:57.847-0500 warning  [Conductor] Pausing the recording to be able to stop.
2026-05-06T17:39:57.847-0500 debug    [Conductor] Pausing recording.
2026-05-06T17:39:57.847-0500 notice   [Conductor] Recording paused. recordUntil=98372.56624995834
2026-05-06T17:39:57.847-0500 debug    [Conductor] Stopping recording.
2026-05-06T17:39:57.847-0500 debug    [Conductor] Cleaning up recorders. recorders=3
2026-05-06T17:39:57.847-0500 debug    [CursorRecorder] Stopping display link. id=channel-0-cursor
2026-05-06T17:39:57.847-0500 debug    [InputRecorder] Stopping event monitor. id=channel-0-input
2026-05-06T17:39:57.847-0500 debug    [DisplayRecorder: channel-1-display] Completing all session writers id=channel-1-display sessionWriters.count=1
2026-05-06T17:39:57.847-0500 info     [InputRecorder] Event monitor stopped. id=channel-0-input
2026-05-06T17:39:57.847-0500 notice   [CursorRecorder] Stopped display link. id=channel-0-cursor
2026-05-06T17:39:57.847-0500 debug    [polyrecorder] Closing streaming JSON file. fileUrl=file:///Users/brian/Library/Application%20Support/Screen%20Studio/Screen%20Studio%20Recordings/Built-in%20Retina%20Display%202026-05-06%2017:39:08/cursors.json
2026-05-06T17:39:57.847-0500 debug    [SessionWriter: channel-1-display-0] Starting new recording completion task id=channel-1-display
2026-05-06T17:39:57.847-0500 debug    [SessionWriter: channel-1-display-0] Completing recording. id=channel-1-display
2026-05-06T17:39:57.847-0500 debug    [SessionWriter: channel-1-display-0] Waiting for final frames. id=channel-1-display
2026-05-06T17:39:57.847-0500 debug    [InputRecorder] Finishing sessions. id=channel-0-input
2026-05-06T17:39:57.847-0500 debug    [InputRecorderSession: 0] Generating mouse move events for stationary cursor changes at end of session. id=channel-0-input session=0
2026-05-06T17:39:57.847-0500 notice   [SessionWriter: channel-1-display-0] Newer item produced recently, waiting for another second. id=channel-1-display lastItemTime=CMTime(seconds:98372.111673375 timescale:1000000000 value:98372111673375 flags:valid) previousLastItemTime=CMTime(seconds:-inf timescale:0 value:0 flags:valid, negativeInfinity)
2026-05-06T17:39:57.849-0500 info     [polyrecorder] Closed streaming JSON file successfully. fileUrl=file:///Users/brian/Library/Application%20Support/Screen%20Studio/Screen%20Studio%20Recordings/Built-in%20Retina%20Display%202026-05-06%2017:39:08/cursors.json
2026-05-06T17:39:57.849-0500 notice   [CursorRecorder] Cursor information written to disk. count=38 folder=file:///Users/brian/Library/Application%20Support/Screen%20Studio/Screen%20Studio%20Recordings/Built-in%20Retina%20Display%202026-05-06%2017:39:08/cursors/ id=channel-0-cursor
2026-05-06T17:39:57.851-0500 notice   [InputRecorderSession: 0] Generated mouse move events for stationary cursor changes at end of session. after=98363.420829458 generatedEvents=2 id=channel-0-input session=0 untilIncluding=98372.56624995834
2026-05-06T17:39:57.851-0500 debug    [polyrecorder] Closing streaming JSON file. fileUrl=file:///Users/brian/Library/Application%20Support/Screen%20Studio/Screen%20Studio%20Recordings/Built-in%20Retina%20Display%202026-05-06%2017:39:08/mousemoves-0.json id=channel-0-input
2026-05-06T17:39:57.855-0500 info     [polyrecorder] Closed streaming JSON file successfully. fileUrl=file:///Users/brian/Library/Application%20Support/Screen%20Studio/Screen%20Studio%20Recordings/Built-in%20Retina%20Display%202026-05-06%2017:39:08/mousemoves-0.json id=channel-0-input
2026-05-06T17:39:57.855-0500 debug    [polyrecorder] Closing streaming JSON file. fileUrl=file:///Users/brian/Library/Application%20Support/Screen%20Studio/Screen%20Studio%20Recordings/Built-in%20Retina%20Display%202026-05-06%2017:39:08/mouseclicks-0.json id=channel-0-input
2026-05-06T17:39:57.856-0500 info     [polyrecorder] Closed streaming JSON file successfully. fileUrl=file:///Users/brian/Library/Application%20Support/Screen%20Studio/Screen%20Studio%20Recordings/Built-in%20Retina%20Display%202026-05-06%2017:39:08/mouseclicks-0.json id=channel-0-input
2026-05-06T17:39:57.856-0500 debug    [polyrecorder] Closing streaming JSON file. fileUrl=file:///Users/brian/Library/Application%20Support/Screen%20Studio/Screen%20Studio%20Recordings/Built-in%20Retina%20Display%202026-05-06%2017:39:08/keystrokes-0.json id=channel-0-input
2026-05-06T17:39:57.857-0500 info     [polyrecorder] Closed streaming JSON file successfully. fileUrl=file:///Users/brian/Library/Application%20Support/Screen%20Studio/Screen%20Studio%20Recordings/Built-in%20Retina%20Display%202026-05-06%2017:39:08/keystrokes-0.json id=channel-0-input
2026-05-06T17:39:57.857-0500 notice   [InputRecorder] Finished writers. id=channel-0-input
2026-05-06T17:39:57.873-0500 debug    [SegmentedAssetWriterDelegate] Did output segment data: 1062790, segmentType:separable, segmentReport:AVAssetSegmentTrackReport(earliestPresentationTimeStamp:CMTime(seconds:98370.10166666667 timescale:600 value:59022061 flags:valid) duration:CMTime(seconds:2.01 timescale:600 value:1206 flags:valid) firstVideoSampleInformation:(presentationTimeStamp:CMTime(seconds:98370.10166666667 timescale:600 value:59022061 flags:valid, hasBeenRounded) offset:140 length:1060899 isSyncSample:true)) id=channel-1-display
2026-05-06T17:39:57.873-0500 debug    [SegmentedAssetWriterDelegate] Writing segment data: file:///Users/brian/Library/Application%20Support/Screen%20Studio/Screen%20Studio%20Recordings/Built-in%20Retina%20Display%202026-05-06%2017:39:08/channel-1-display-0-0025.m4s id=channel-1-display
2026-05-06T17:39:57.875-0500 info     [SegmentedAssetWriterDelegate] Appending channel-1-display-0-0025.m4s: CMTime(seconds:98370.10166666667 timescale:600 value:59022061 flags:valid) id=channel-1-display
2026-05-06T17:39:58.860-0500 notice   [SessionWriter: channel-1-display-0] Waiting for final frames completed. id=channel-1-display systemUptime=98373.57901329167
2026-05-06T17:39:58.860-0500 debug    [SessionWriter: channel-1-display-0] Finishing SessionBoundedRetimer. id=channel-1-display
2026-05-06T17:39:58.860-0500 notice   [SessionWriter: channel-1-display-0] Finished SessionBoundedRetimer. id=channel-1-display
2026-05-06T17:39:58.860-0500 debug    [SessionWriter: channel-1-display-0] Flushing all frames from backpressure buffer. id=channel-1-display itemsInBuffer=0
2026-05-06T17:39:58.860-0500 notice   [SessionWriter: channel-1-display-0] Flushed all frames from backpressure buffer. id=channel-1-display itemsInBuffer=0
2026-05-06T17:39:58.860-0500 debug    [SessionWriter: channel-1-display-0] End session on AVAssetWriter id=channel-1-display sessionEnd=CMTime(seconds:98372.566249958 timescale:1000000000 value:98372566249958 flags:valid, hasBeenRounded)
2026-05-06T17:39:58.861-0500 debug    [SegmentedAssetWriterDelegate] Did output segment data: 1062785, segmentType:separable, segmentReport:AVAssetSegmentTrackReport(earliestPresentationTimeStamp:CMTime(seconds:98372.11166666666 timescale:600 value:59023267 flags:valid) duration:CMTime(seconds:0.91 timescale:600 value:546 flags:valid) firstVideoSampleInformation:(presentationTimeStamp:CMTime(seconds:98372.11166666666 timescale:600 value:59023267 flags:valid, hasBeenRounded) offset:136 length:1060898 isSyncSample:true)) id=channel-1-display
2026-05-06T17:39:58.861-0500 debug    [SegmentedAssetWriterDelegate] Writing segment data: file:///Users/brian/Library/Application%20Support/Screen%20Studio/Screen%20Studio%20Recordings/Built-in%20Retina%20Display%202026-05-06%2017:39:08/channel-1-display-0-0026.m4s id=channel-1-display
2026-05-06T17:39:58.865-0500 info     [SegmentedAssetWriterDelegate] Appending channel-1-display-0-0026.m4s: CMTime(seconds:98372.11166666666 timescale:600 value:59023267 flags:valid) id=channel-1-display
2026-05-06T17:39:58.865-0500 notice   [SessionWriter: channel-1-display-0] End session on AVAssetWriter id=channel-1-display sessionEnd=CMTime(seconds:98372.566249958 timescale:1000000000 value:98372566249958 flags:valid, hasBeenRounded)
2026-05-06T17:39:58.865-0500 debug    [SessionWriter: channel-1-display-0] Finishing writing to asset writer. id=channel-1-display
2026-05-06T17:39:58.870-0500 notice   [SessionWriter: channel-1-display-0] Finished writing to assset writer. id=channel-1-display
2026-05-06T17:39:58.870-0500 debug    [SessionWriter: channel-1-display-0] Finishing writing to metadata file. id=channel-1-display
2026-05-06T17:39:58.870-0500 notice   [SessionWriter: channel-1-display-0] Finished writing to metadata file. id=channel-1-display
2026-05-06T17:39:58.870-0500 notice   [SessionWriter: channel-1-display-0] Completed recording, returning metadata. framesProcessed (excluding initial Ring buffer)=1596 id=channel-1-display
2026-05-06T17:39:58.870-0500 notice   [DisplayRecorder: channel-1-display] Completed all session writers id=channel-1-display sessionWriters.count=1
2026-05-06T17:39:58.870-0500 debug    [DisplayRecorder: channel-1-display] Stopping stream capture. id=channel-1-display
2026-05-06T17:39:58.874-0500 debug    [StreamCoordinator: channel-1-display] SCFrameStatus summary for last 5 seconds id=channel-1-display summary=[("complete", 5), ("idle", 71)] total=76
2026-05-06T17:39:58.879-0500 notice   [DisplayRecorder: channel-1-display] Stopped stream capture. id=channel-1-display
2026-05-06T17:39:58.879-0500 debug    [DisplayRecorder: channel-1-display] Clearing frame timeout. id=channel-1-display
2026-05-06T17:39:58.879-0500 notice   [DisplayRecorder: channel-1-display] Cleared frame timeout. id=channel-1-display
2026-05-06T17:39:58.879-0500 debug    [DisplayRecorder: channel-1-display] Returning Metadata from cleanup id=channel-1-display totalFramesProcessed=1593
2026-05-06T17:39:58.879-0500 notice   [Conductor] Finalized recorders. errors=0 metadataCount=3 recorders=3 sessionsCount=1
2026-05-06T17:39:58.879-0500 debug    [Conductor] Writing metadata file. metadataCount=3
2026-05-06T17:39:58.880-0500 debug    [polyrecorder] Metadata file updated.
2026-05-06T17:39:58.880-0500 notice   [Conductor] Metadata file written. metadataCount=3
2026-05-06T17:39:58.880-0500 debug    [Conductor] Ending latency critical activity.
2026-05-06T17:39:58.880-0500 notice   [Conductor] Ended latency critical activity.
2026-05-06T17:39:58.880-0500 notice   [Conductor] Recording stopped. errorCount=0 metadataCount=3 recorders=3
2026-05-06T17:39:58.880-0500 notice   [Conductor] Stopped recording. sessions=[
from:     98323.848  2026-05-06T17:39:09.129-0500
until:    98372.566  2026-05-06T17:39:57.847-0500
duration: 48.718
]
2026-05-06T17:39:58.880-0500 notice   [Polyrecorder] Nominal recording ended.
